2019-07-25 15:03:59 DEBUG logging:38 - Logging Provider: org.jboss.logging.Log4jLoggerProvider
2019-07-25 15:03:59 DEBUG HibernatePersistenceProvider:88 - Located and parsed 1 persistence units; checking each
2019-07-25 15:03:59 DEBUG HibernatePersistenceProvider:96 - Checking persistence-unit [name=mydb, explicit-provider=null] against incoming persistence unit name [mydb]
2019-07-25 15:03:59 DEBUG ProviderChecker:95 - No PersistenceProvider explicitly requested, assuming Hibernate
2019-07-25 15:03:59 DEBUG LogHelper:102 - PersistenceUnitInfo [
	name: mydb
	persistence provider classname: null
	classloader: null
	excludeUnlistedClasses: false
	JTA datasource: null
	Non JTA datasource: null
	Transaction type: RESOURCE_LOCAL
	PU root URL: file:/C:/Users/ajha5/Desktop/EmployeePortal/target/classes/
	Shared Cache Mode: null
	Validation Mode: null
	Jar files URLs []
	Managed classes names []
	Mapping files names []
	Properties [
		javax.persistence.jdbc.driver: com.mysql.jdbc.Driver
		javax.persistence.jdbc.password: Interns@2019
		javax.persistence.jdbc.url: jdbc:mysql://172.29.69.221:3306/mydb
		hibernate.show_sql: true
		hibernate.format_sql: true
		javax.persistence.jdbc.user: interns]
2019-07-25 15:03:59 DEBUG IntegratorServiceImpl:46 - Adding Integrator [org.hibernate.cfg.beanvalidation.BeanValidationIntegrator].
2019-07-25 15:03:59 DEBUG IntegratorServiceImpl:46 - Adding Integrator [org.hibernate.secure.spi.JaccIntegrator].
2019-07-25 15:03:59 DEBUG IntegratorServiceImpl:46 - Adding Integrator [org.hibernate.cache.internal.CollectionCacheInvalidator].
2019-07-25 15:03:59 INFO  Version:46 - HHH000412: Hibernate Core {5.4.3.Final}
2019-07-25 15:03:59 DEBUG Environment:199 - HHH000206: hibernate.properties not found
2019-07-25 15:03:59 DEBUG ServiceBinding:68 - Overriding existing service binding [org.hibernate.secure.spi.JaccService]
2019-07-25 15:04:00 DEBUG RegionFactoryInitiator:118 - Cannot default RegionFactory based on registered strategies as `[]` RegionFactory strategies were registered
2019-07-25 15:04:00 DEBUG RegionFactoryInitiator:49 - Cache region factory : org.hibernate.cache.internal.NoCachingRegionFactory
2019-07-25 15:04:00 INFO  Version:49 - HCANN000001: Hibernate Commons Annotations {5.1.0.Final}
2019-07-25 15:04:00 DEBUG BasicTypeRegistry:156 - Adding type registration boolean -> org.hibernate.type.BooleanType@654d31e3
2019-07-25 15:04:00 DEBUG BasicTypeRegistry:156 - Adding type registration boolean -> org.hibernate.type.BooleanType@654d31e3
2019-07-25 15:04:00 DEBUG BasicTypeRegistry:156 - Adding type registration java.lang.Boolean -> org.hibernate.type.BooleanType@654d31e3
2019-07-25 15:04:00 DEBUG BasicTypeRegistry:156 - Adding type registration numeric_boolean -> org.hibernate.type.NumericBooleanType@132d8e9f
2019-07-25 15:04:00 DEBUG BasicTypeRegistry:156 - Adding type registration true_false -> org.hibernate.type.TrueFalseType@611f8fb1
2019-07-25 15:04:00 DEBUG BasicTypeRegistry:156 - Adding type registration yes_no -> org.hibernate.type.YesNoType@34e9d948
2019-07-25 15:04:00 DEBUG BasicTypeRegistry:156 - Adding type registration byte -> org.hibernate.type.ByteType@34ba0375
2019-07-25 15:04:00 DEBUG BasicTypeRegistry:156 - Adding type registration byte -> org.hibernate.type.ByteType@34ba0375
2019-07-25 15:04:00 DEBUG BasicTypeRegistry:156 - Adding type registration java.lang.Byte -> org.hibernate.type.ByteType@34ba0375
2019-07-25 15:04:00 DEBUG BasicTypeRegistry:156 - Adding type registration character -> org.hibernate.type.CharacterType@18dc90cf
2019-07-25 15:04:00 DEBUG BasicTypeRegistry:156 - Adding type registration char -> org.hibernate.type.CharacterType@18dc90cf
2019-07-25 15:04:00 DEBUG BasicTypeRegistry:156 - Adding type registration java.lang.Character -> org.hibernate.type.CharacterType@18dc90cf
2019-07-25 15:04:00 DEBUG BasicTypeRegistry:156 - Adding type registration short -> org.hibernate.type.ShortType@6b1ab9f4
2019-07-25 15:04:00 DEBUG BasicTypeRegistry:156 - Adding type registration short -> org.hibernate.type.ShortType@6b1ab9f4
2019-07-25 15:04:00 DEBUG BasicTypeRegistry:156 - Adding type registration java.lang.Short -> org.hibernate.type.ShortType@6b1ab9f4
2019-07-25 15:04:00 DEBUG BasicTypeRegistry:156 - Adding type registration integer -> org.hibernate.type.IntegerType@16f2cb22
2019-07-25 15:04:00 DEBUG BasicTypeRegistry:156 - Adding type registration int -> org.hibernate.type.IntegerType@16f2cb22
2019-07-25 15:04:00 DEBUG BasicTypeRegistry:156 - Adding type registration java.lang.Integer -> org.hibernate.type.IntegerType@16f2cb22
2019-07-25 15:04:00 DEBUG BasicTypeRegistry:156 - Adding type registration long -> org.hibernate.type.LongType@262c785f
2019-07-25 15:04:00 DEBUG BasicTypeRegistry:156 - Adding type registration long -> org.hibernate.type.LongType@262c785f
2019-07-25 15:04:00 DEBUG BasicTypeRegistry:156 - Adding type registration java.lang.Long -> org.hibernate.type.LongType@262c785f
2019-07-25 15:04:00 DEBUG BasicTypeRegistry:156 - Adding type registration float -> org.hibernate.type.FloatType@4ffe7468
2019-07-25 15:04:00 DEBUG BasicTypeRegistry:156 - Adding type registration float -> org.hibernate.type.FloatType@4ffe7468
2019-07-25 15:04:00 DEBUG BasicTypeRegistry:156 - Adding type registration java.lang.Float -> org.hibernate.type.FloatType@4ffe7468
2019-07-25 15:04:00 DEBUG BasicTypeRegistry:156 - Adding type registration double -> org.hibernate.type.DoubleType@3196cc0
2019-07-25 15:04:00 DEBUG BasicTypeRegistry:156 - Adding type registration double -> org.hibernate.type.DoubleType@3196cc0
2019-07-25 15:04:00 DEBUG BasicTypeRegistry:156 - Adding type registration java.lang.Double -> org.hibernate.type.DoubleType@3196cc0
2019-07-25 15:04:00 DEBUG BasicTypeRegistry:156 - Adding type registration big_decimal -> org.hibernate.type.BigDecimalType@154f4e
2019-07-25 15:04:00 DEBUG BasicTypeRegistry:156 - Adding type registration java.math.BigDecimal -> org.hibernate.type.BigDecimalType@154f4e
2019-07-25 15:04:00 DEBUG BasicTypeRegistry:156 - Adding type registration big_integer -> org.hibernate.type.BigIntegerType@60ab943e
2019-07-25 15:04:00 DEBUG BasicTypeRegistry:156 - Adding type registration java.math.BigInteger -> org.hibernate.type.BigIntegerType@60ab943e
2019-07-25 15:04:00 DEBUG BasicTypeRegistry:156 - Adding type registration string -> org.hibernate.type.StringType@7fb2a380
2019-07-25 15:04:00 DEBUG BasicTypeRegistry:156 - Adding type registration java.lang.String -> org.hibernate.type.StringType@7fb2a380
2019-07-25 15:04:00 DEBUG BasicTypeRegistry:156 - Adding type registration nstring -> org.hibernate.type.StringNVarcharType@74db078d
2019-07-25 15:04:00 DEBUG BasicTypeRegistry:156 - Adding type registration ncharacter -> org.hibernate.type.CharacterNCharType@5a81f461
2019-07-25 15:04:00 DEBUG BasicTypeRegistry:156 - Adding type registration url -> org.hibernate.type.UrlType@4eddbdc2
2019-07-25 15:04:00 DEBUG BasicTypeRegistry:156 - Adding type registration java.net.URL -> org.hibernate.type.UrlType@4eddbdc2
2019-07-25 15:04:00 DEBUG BasicTypeRegistry:156 - Adding type registration Duration -> org.hibernate.type.DurationType@48c071f6
2019-07-25 15:04:00 DEBUG BasicTypeRegistry:156 - Adding type registration java.time.Duration -> org.hibernate.type.DurationType@48c071f6
2019-07-25 15:04:00 DEBUG BasicTypeRegistry:156 - Adding type registration Instant -> org.hibernate.type.InstantType@3519e2bc
2019-07-25 15:04:00 DEBUG BasicTypeRegistry:156 - Adding type registration java.time.Instant -> org.hibernate.type.InstantType@3519e2bc
2019-07-25 15:04:00 DEBUG BasicTypeRegistry:156 - Adding type registration LocalDateTime -> org.hibernate.type.LocalDateTimeType@758f7f8
2019-07-25 15:04:00 DEBUG BasicTypeRegistry:156 - Adding type registration java.time.LocalDateTime -> org.hibernate.type.LocalDateTimeType@758f7f8
2019-07-25 15:04:00 DEBUG BasicTypeRegistry:156 - Adding type registration LocalDate -> org.hibernate.type.LocalDateType@3ade9b6f
2019-07-25 15:04:00 DEBUG BasicTypeRegistry:156 - Adding type registration java.time.LocalDate -> org.hibernate.type.LocalDateType@3ade9b6f
2019-07-25 15:04:00 DEBUG BasicTypeRegistry:156 - Adding type registration LocalTime -> org.hibernate.type.LocalTimeType@54e5b12c
2019-07-25 15:04:00 DEBUG BasicTypeRegistry:156 - Adding type registration java.time.LocalTime -> org.hibernate.type.LocalTimeType@54e5b12c
2019-07-25 15:04:00 DEBUG BasicTypeRegistry:156 - Adding type registration OffsetDateTime -> org.hibernate.type.OffsetDateTimeType@6fddb572
2019-07-25 15:04:00 DEBUG BasicTypeRegistry:156 - Adding type registration java.time.OffsetDateTime -> org.hibernate.type.OffsetDateTimeType@6fddb572
2019-07-25 15:04:00 DEBUG BasicTypeRegistry:156 - Adding type registration OffsetTime -> org.hibernate.type.OffsetTimeType@73170a25
2019-07-25 15:04:00 DEBUG BasicTypeRegistry:156 - Adding type registration java.time.OffsetTime -> org.hibernate.type.OffsetTimeType@73170a25
2019-07-25 15:04:00 DEBUG BasicTypeRegistry:156 - Adding type registration ZonedDateTime -> org.hibernate.type.ZonedDateTimeType@adabf2e
2019-07-25 15:04:00 DEBUG BasicTypeRegistry:156 - Adding type registration java.time.ZonedDateTime -> org.hibernate.type.ZonedDateTimeType@adabf2e
2019-07-25 15:04:00 DEBUG BasicTypeRegistry:156 - Adding type registration date -> org.hibernate.type.DateType@f6d4ede
2019-07-25 15:04:00 DEBUG BasicTypeRegistry:156 - Adding type registration java.sql.Date -> org.hibernate.type.DateType@f6d4ede
2019-07-25 15:04:00 DEBUG BasicTypeRegistry:156 - Adding type registration time -> org.hibernate.type.TimeType@49015ba4
2019-07-25 15:04:00 DEBUG BasicTypeRegistry:156 - Adding type registration java.sql.Time -> org.hibernate.type.TimeType@49015ba4
2019-07-25 15:04:00 DEBUG BasicTypeRegistry:156 - Adding type registration timestamp -> org.hibernate.type.TimestampType@4654e57
2019-07-25 15:04:00 DEBUG BasicTypeRegistry:156 - Adding type registration java.sql.Timestamp -> org.hibernate.type.TimestampType@4654e57
2019-07-25 15:04:00 DEBUG BasicTypeRegistry:156 - Adding type registration java.util.Date -> org.hibernate.type.TimestampType@4654e57
2019-07-25 15:04:00 DEBUG BasicTypeRegistry:156 - Adding type registration dbtimestamp -> org.hibernate.type.DbTimestampType@7817d552
2019-07-25 15:04:00 DEBUG BasicTypeRegistry:156 - Adding type registration calendar -> org.hibernate.type.CalendarType@6326009f
2019-07-25 15:04:00 DEBUG BasicTypeRegistry:156 - Adding type registration java.util.Calendar -> org.hibernate.type.CalendarType@6326009f
2019-07-25 15:04:00 DEBUG BasicTypeRegistry:156 - Adding type registration java.util.GregorianCalendar -> org.hibernate.type.CalendarType@6326009f
2019-07-25 15:04:00 DEBUG BasicTypeRegistry:156 - Adding type registration calendar_date -> org.hibernate.type.CalendarDateType@2b8e8833
2019-07-25 15:04:00 DEBUG BasicTypeRegistry:156 - Adding type registration locale -> org.hibernate.type.LocaleType@5a2e0f9c
2019-07-25 15:04:00 DEBUG BasicTypeRegistry:156 - Adding type registration java.util.Locale -> org.hibernate.type.LocaleType@5a2e0f9c
2019-07-25 15:04:00 DEBUG BasicTypeRegistry:156 - Adding type registration currency -> org.hibernate.type.CurrencyType@781dedf9
2019-07-25 15:04:00 DEBUG BasicTypeRegistry:156 - Adding type registration java.util.Currency -> org.hibernate.type.CurrencyType@781dedf9
2019-07-25 15:04:00 DEBUG BasicTypeRegistry:156 - Adding type registration timezone -> org.hibernate.type.TimeZoneType@7710f6fb
2019-07-25 15:04:00 DEBUG BasicTypeRegistry:156 - Adding type registration java.util.TimeZone -> org.hibernate.type.TimeZoneType@7710f6fb
2019-07-25 15:04:00 DEBUG BasicTypeRegistry:156 - Adding type registration class -> org.hibernate.type.ClassType@6d46bbdf
2019-07-25 15:04:00 DEBUG BasicTypeRegistry:156 - Adding type registration java.lang.Class -> org.hibernate.type.ClassType@6d46bbdf
2019-07-25 15:04:00 DEBUG BasicTypeRegistry:156 - Adding type registration uuid-binary -> org.hibernate.type.UUIDBinaryType@683aa7ed
2019-07-25 15:04:00 DEBUG BasicTypeRegistry:156 - Adding type registration java.util.UUID -> org.hibernate.type.UUIDBinaryType@683aa7ed
2019-07-25 15:04:00 DEBUG BasicTypeRegistry:156 - Adding type registration uuid-char -> org.hibernate.type.UUIDCharType@10cf3af9
2019-07-25 15:04:00 DEBUG BasicTypeRegistry:156 - Adding type registration binary -> org.hibernate.type.BinaryType@e2dc1b4
2019-07-25 15:04:00 DEBUG BasicTypeRegistry:156 - Adding type registration byte[] -> org.hibernate.type.BinaryType@e2dc1b4
2019-07-25 15:04:00 DEBUG BasicTypeRegistry:156 - Adding type registration [B -> org.hibernate.type.BinaryType@e2dc1b4
2019-07-25 15:04:00 DEBUG BasicTypeRegistry:156 - Adding type registration wrapper-binary -> org.hibernate.type.WrapperBinaryType@7bfc53ec
2019-07-25 15:04:00 DEBUG BasicTypeRegistry:156 - Adding type registration Byte[] -> org.hibernate.type.WrapperBinaryType@7bfc53ec
2019-07-25 15:04:00 DEBUG BasicTypeRegistry:156 - Adding type registration [Ljava.lang.Byte; -> org.hibernate.type.WrapperBinaryType@7bfc53ec
2019-07-25 15:04:00 DEBUG BasicTypeRegistry:156 - Adding type registration row_version -> org.hibernate.type.RowVersionType@573ba515
2019-07-25 15:04:00 DEBUG BasicTypeRegistry:156 - Adding type registration image -> org.hibernate.type.ImageType@14b828b3
2019-07-25 15:04:00 DEBUG BasicTypeRegistry:156 - Adding type registration characters -> org.hibernate.type.CharArrayType@3c6638b2
2019-07-25 15:04:00 DEBUG BasicTypeRegistry:156 - Adding type registration char[] -> org.hibernate.type.CharArrayType@3c6638b2
2019-07-25 15:04:00 DEBUG BasicTypeRegistry:156 - Adding type registration [C -> org.hibernate.type.CharArrayType@3c6638b2
2019-07-25 15:04:00 DEBUG BasicTypeRegistry:156 - Adding type registration wrapper-characters -> org.hibernate.type.CharacterArrayType@90159ae
2019-07-25 15:04:00 DEBUG BasicTypeRegistry:156 - Adding type registration [Ljava.lang.Character; -> org.hibernate.type.CharacterArrayType@90159ae
2019-07-25 15:04:00 DEBUG BasicTypeRegistry:156 - Adding type registration Character[] -> org.hibernate.type.CharacterArrayType@90159ae
2019-07-25 15:04:00 DEBUG BasicTypeRegistry:156 - Adding type registration text -> org.hibernate.type.TextType@2028e769
2019-07-25 15:04:00 DEBUG BasicTypeRegistry:156 - Adding type registration ntext -> org.hibernate.type.NTextType@57b54e0
2019-07-25 15:04:00 DEBUG BasicTypeRegistry:156 - Adding type registration blob -> org.hibernate.type.BlobType@5dad2c99
2019-07-25 15:04:00 DEBUG BasicTypeRegistry:156 - Adding type registration java.sql.Blob -> org.hibernate.type.BlobType@5dad2c99
2019-07-25 15:04:00 DEBUG BasicTypeRegistry:156 - Adding type registration materialized_blob -> org.hibernate.type.MaterializedBlobType@fb3bd62
2019-07-25 15:04:00 DEBUG BasicTypeRegistry:156 - Adding type registration clob -> org.hibernate.type.ClobType@33bd37aa
2019-07-25 15:04:00 DEBUG BasicTypeRegistry:156 - Adding type registration java.sql.Clob -> org.hibernate.type.ClobType@33bd37aa
2019-07-25 15:04:00 DEBUG BasicTypeRegistry:156 - Adding type registration nclob -> org.hibernate.type.NClobType@297aa778
2019-07-25 15:04:00 DEBUG BasicTypeRegistry:156 - Adding type registration java.sql.NClob -> org.hibernate.type.NClobType@297aa778
2019-07-25 15:04:00 DEBUG BasicTypeRegistry:156 - Adding type registration materialized_clob -> org.hibernate.type.MaterializedClobType@385bbc23
2019-07-25 15:04:00 DEBUG BasicTypeRegistry:156 - Adding type registration materialized_nclob -> org.hibernate.type.MaterializedNClobType@4f5795a6
2019-07-25 15:04:00 DEBUG BasicTypeRegistry:156 - Adding type registration serializable -> org.hibernate.type.SerializableType@40d2553e
2019-07-25 15:04:00 DEBUG BasicTypeRegistry:156 - Adding type registration object -> org.hibernate.type.ObjectType@759b0486
2019-07-25 15:04:00 DEBUG BasicTypeRegistry:156 - Adding type registration java.lang.Object -> org.hibernate.type.ObjectType@759b0486
2019-07-25 15:04:00 DEBUG BasicTypeRegistry:156 - Adding type registration imm_date -> org.hibernate.type.AdaptedImmutableType@1aa943c1
2019-07-25 15:04:00 DEBUG BasicTypeRegistry:156 - Adding type registration imm_time -> org.hibernate.type.AdaptedImmutableType@37bbcb26
2019-07-25 15:04:00 DEBUG BasicTypeRegistry:156 - Adding type registration imm_timestamp -> org.hibernate.type.AdaptedImmutableType@88a5228
2019-07-25 15:04:00 DEBUG BasicTypeRegistry:156 - Adding type registration imm_dbtimestamp -> org.hibernate.type.AdaptedImmutableType@778b22da
2019-07-25 15:04:00 DEBUG BasicTypeRegistry:156 - Adding type registration imm_calendar -> org.hibernate.type.AdaptedImmutableType@276cd0a1
2019-07-25 15:04:00 DEBUG BasicTypeRegistry:156 - Adding type registration imm_calendar_date -> org.hibernate.type.AdaptedImmutableType@4ee7cd91
2019-07-25 15:04:00 DEBUG BasicTypeRegistry:156 - Adding type registration imm_binary -> org.hibernate.type.AdaptedImmutableType@1426cd77
2019-07-25 15:04:00 DEBUG BasicTypeRegistry:156 - Adding type registration imm_serializable -> org.hibernate.type.AdaptedImmutableType@3a95b0db
2019-07-25 15:04:00 DEBUG BootstrapContextImpl:272 - Injecting ScanEnvironment [org.hibernate.jpa.boot.internal.StandardJpaScanEnvironmentImpl@12e83218] into BootstrapContext; was [null]
2019-07-25 15:04:00 DEBUG BootstrapContextImpl:267 - Injecting ScanOptions [org.hibernate.boot.archive.scan.internal.StandardScanOptions@5a0efdf5] into BootstrapContext; was [org.hibernate.boot.archive.scan.internal.StandardScanOptions@22b9243e]
2019-07-25 15:04:00 DEBUG BootstrapContextImpl:262 - Injecting JPA temp ClassLoader [null] into BootstrapContext; was [null]
2019-07-25 15:04:00 DEBUG ClassLoaderAccessImpl:45 - ClassLoaderAccessImpl#injectTempClassLoader(null) [was null]
2019-07-25 15:04:00 DEBUG DefaultIdentifierGeneratorFactory:81 - Registering IdentifierGenerator strategy [uuid2] -> [org.hibernate.id.UUIDGenerator]
2019-07-25 15:04:00 DEBUG DefaultIdentifierGeneratorFactory:81 - Registering IdentifierGenerator strategy [guid] -> [org.hibernate.id.GUIDGenerator]
2019-07-25 15:04:00 DEBUG DefaultIdentifierGeneratorFactory:81 - Registering IdentifierGenerator strategy [uuid] -> [org.hibernate.id.UUIDHexGenerator]
2019-07-25 15:04:00 DEBUG DefaultIdentifierGeneratorFactory:81 - Registering IdentifierGenerator strategy [uuid.hex] -> [org.hibernate.id.UUIDHexGenerator]
2019-07-25 15:04:00 DEBUG DefaultIdentifierGeneratorFactory:81 - Registering IdentifierGenerator strategy [assigned] -> [org.hibernate.id.Assigned]
2019-07-25 15:04:00 DEBUG DefaultIdentifierGeneratorFactory:81 - Registering IdentifierGenerator strategy [identity] -> [org.hibernate.id.IdentityGenerator]
2019-07-25 15:04:00 DEBUG DefaultIdentifierGeneratorFactory:81 - Registering IdentifierGenerator strategy [select] -> [org.hibernate.id.SelectGenerator]
2019-07-25 15:04:00 DEBUG DefaultIdentifierGeneratorFactory:81 - Registering IdentifierGenerator strategy [sequence] -> [org.hibernate.id.enhanced.SequenceStyleGenerator]
2019-07-25 15:04:00 DEBUG DefaultIdentifierGeneratorFactory:81 - Registering IdentifierGenerator strategy [seqhilo] -> [org.hibernate.id.SequenceHiLoGenerator]
2019-07-25 15:04:00 DEBUG DefaultIdentifierGeneratorFactory:81 - Registering IdentifierGenerator strategy [increment] -> [org.hibernate.id.IncrementGenerator]
2019-07-25 15:04:00 DEBUG DefaultIdentifierGeneratorFactory:81 - Registering IdentifierGenerator strategy [foreign] -> [org.hibernate.id.ForeignGenerator]
2019-07-25 15:04:00 DEBUG DefaultIdentifierGeneratorFactory:81 - Registering IdentifierGenerator strategy [sequence-identity] -> [org.hibernate.id.SequenceIdentityGenerator]
2019-07-25 15:04:00 DEBUG DefaultIdentifierGeneratorFactory:81 - Registering IdentifierGenerator strategy [enhanced-sequence] -> [org.hibernate.id.enhanced.SequenceStyleGenerator]
2019-07-25 15:04:00 DEBUG DefaultIdentifierGeneratorFactory:81 - Registering IdentifierGenerator strategy [enhanced-table] -> [org.hibernate.id.enhanced.TableGenerator]
2019-07-25 15:04:00 WARN  pooling:72 - HHH10001002: Using Hibernate built-in connection pool (not for production use!)
2019-07-25 15:04:00 INFO  pooling:115 - HHH10001005: using driver [com.mysql.jdbc.Driver] at URL [jdbc:mysql://172.29.69.221:3306/mydb]
2019-07-25 15:04:00 INFO  pooling:121 - HHH10001001: Connection properties: {user=interns, password=Interns@2019}
2019-07-25 15:04:00 INFO  pooling:129 - HHH10001003: Autocommit mode: false
2019-07-25 15:04:00 DEBUG DriverManagerConnectionProviderImpl:384 - Initializing Connection pool with 1 Connections
2019-07-25 15:04:00 INFO  DriverManagerConnectionProviderImpl:239 - HHH000115: Hibernate connection pool size: 20 (min=1)
2019-07-25 15:04:01 DEBUG JdbcEnvironmentInitiator:72 - Database ->
       name : MySQL
    version : 5.7.26
      major : 5
      minor : 7
2019-07-25 15:04:01 DEBUG JdbcEnvironmentInitiator:83 - Driver ->
       name : MySQL Connector Java
    version : mysql-connector-java-5.1.31 ( Revision: alexander.soklakov@oracle.com-20140520065950-groqzzbvxprqdmnz )
      major : 5
      minor : 1
2019-07-25 15:04:01 DEBUG JdbcEnvironmentInitiator:389 - JDBC version : 4.0
2019-07-25 15:04:01 INFO  Dialect:158 - HHH000400: Using dialect: org.hibernate.dialect.MySQL57Dialect
2019-07-25 15:04:01 DEBUG IdentifierHelperBuilder:117 - JDBC driver metadata reported database stores quoted identifiers in more than one case
2019-07-25 15:04:01 DEBUG IdentifierHelperBuilder:191 - IdentifierCaseStrategy for both quoted and unquoted identifiers was set to the same strategy [MIXED]; that will likely lead to problems in schema update and validation if using quoted identifiers
2019-07-25 15:04:01 DEBUG Namespace:51 - Created database namespace [logicalName=Name{catalog=null, schema=null}, physicalName=Name{catalog=null, schema=null}]
2019-07-25 15:04:01 DEBUG TypeConfiguration$Scope:152 - Scoping TypeConfiguration [org.hibernate.type.spi.TypeConfiguration@602211b8] to MetadataBuildingContext [org.hibernate.boot.internal.MetadataBuildingContextRootImpl@6edf3935]
2019-07-25 15:04:01 DEBUG AnnotationBinder:557 - Binding entity from annotated class: com.sears.employee.portal.entity.EmployeeEntity
2019-07-25 15:04:01 DEBUG Ejb3Column:213 - Binding column: Ejb3DiscriminatorColumn{logicalColumnName'DTYPE', discriminatorTypeName='string'}
2019-07-25 15:04:01 DEBUG EntityBinder:430 - Import with entity name EmployeeEntity
2019-07-25 15:04:01 DEBUG EntityBinder:873 - Bind entity com.sears.employee.portal.entity.EmployeeEntity on table EmployeeTable
2019-07-25 15:04:01 DEBUG Ejb3Column:213 - Binding column: Ejb3Column{table=org.hibernate.mapping.Table(EmployeeTable), mappingColumn=emp_id, insertable=true, updatable=true, unique=false}
2019-07-25 15:04:01 DEBUG PropertyBinder:175 - MetadataSourceProcessor property empId with lazy=false
2019-07-25 15:04:01 DEBUG AbstractPropertyHolder:94 - Attempting to locate auto-apply AttributeConverter for property [com.sears.employee.portal.entity.EmployeeEntity:empId]
2019-07-25 15:04:01 DEBUG SimpleValueBinder:411 - building SimpleValue for empId
2019-07-25 15:04:01 DEBUG PropertyBinder:266 - Building property empId
2019-07-25 15:04:01 DEBUG BinderHelper:644 - #makeIdGenerator(org.hibernate.mapping.SimpleValue([org.hibernate.mapping.Column(emp_id)]), empId, assigned, , ...)
2019-07-25 15:04:01 DEBUG Ejb3Column:213 - Binding column: Ejb3Column{table=org.hibernate.mapping.Table(EmployeeTable), mappingColumn=age, insertable=true, updatable=true, unique=false}
2019-07-25 15:04:01 DEBUG PropertyBinder:175 - MetadataSourceProcessor property age with lazy=false
2019-07-25 15:04:01 DEBUG AbstractPropertyHolder:94 - Attempting to locate auto-apply AttributeConverter for property [com.sears.employee.portal.entity.EmployeeEntity:age]
2019-07-25 15:04:01 DEBUG SimpleValueBinder:411 - building SimpleValue for age
2019-07-25 15:04:01 DEBUG PropertyBinder:266 - Building property age
2019-07-25 15:04:01 DEBUG Ejb3Column:213 - Binding column: Ejb3Column{table=org.hibernate.mapping.Table(EmployeeTable), mappingColumn=blood_group, insertable=true, updatable=true, unique=false}
2019-07-25 15:04:01 DEBUG PropertyBinder:175 - MetadataSourceProcessor property bloodGroup with lazy=false
2019-07-25 15:04:01 DEBUG AbstractPropertyHolder:94 - Attempting to locate auto-apply AttributeConverter for property [com.sears.employee.portal.entity.EmployeeEntity:bloodGroup]
2019-07-25 15:04:01 DEBUG SimpleValueBinder:411 - building SimpleValue for bloodGroup
2019-07-25 15:04:01 DEBUG PropertyBinder:266 - Building property bloodGroup
2019-07-25 15:04:01 DEBUG Ejb3Column:213 - Binding column: Ejb3Column{table=org.hibernate.mapping.Table(EmployeeTable), mappingColumn=dob, insertable=true, updatable=true, unique=false}
2019-07-25 15:04:01 DEBUG PropertyBinder:175 - MetadataSourceProcessor property dateOfBirth with lazy=false
2019-07-25 15:04:01 DEBUG AbstractPropertyHolder:94 - Attempting to locate auto-apply AttributeConverter for property [com.sears.employee.portal.entity.EmployeeEntity:dateOfBirth]
2019-07-25 15:04:01 DEBUG SimpleValueBinder:411 - building SimpleValue for dateOfBirth
2019-07-25 15:04:01 DEBUG PropertyBinder:266 - Building property dateOfBirth
2019-07-25 15:04:01 DEBUG Ejb3Column:213 - Binding column: Ejb3JoinColumn{logicalColumnName='emp_id', referencedColumn='', mappedBy=''}
2019-07-25 15:04:01 DEBUG Ejb3Column:213 - Binding column: Ejb3Column{table=org.hibernate.mapping.Table(EmployeeTable), mappingColumn=empSalList, insertable=true, updatable=true, unique=false}
2019-07-25 15:04:01 DEBUG Ejb3Column:213 - Binding column: Ejb3Column{table=org.hibernate.mapping.Table(EmployeeTable), mappingColumn=first_name, insertable=true, updatable=true, unique=false}
2019-07-25 15:04:01 DEBUG PropertyBinder:175 - MetadataSourceProcessor property employeeFirstName with lazy=false
2019-07-25 15:04:01 DEBUG AbstractPropertyHolder:94 - Attempting to locate auto-apply AttributeConverter for property [com.sears.employee.portal.entity.EmployeeEntity:employeeFirstName]
2019-07-25 15:04:01 DEBUG SimpleValueBinder:411 - building SimpleValue for employeeFirstName
2019-07-25 15:04:01 DEBUG PropertyBinder:266 - Building property employeeFirstName
2019-07-25 15:04:01 DEBUG Ejb3Column:213 - Binding column: Ejb3Column{table=org.hibernate.mapping.Table(EmployeeTable), mappingColumn=last_name, insertable=true, updatable=true, unique=false}
2019-07-25 15:04:01 DEBUG PropertyBinder:175 - MetadataSourceProcessor property employeeLastName with lazy=false
2019-07-25 15:04:01 DEBUG AbstractPropertyHolder:94 - Attempting to locate auto-apply AttributeConverter for property [com.sears.employee.portal.entity.EmployeeEntity:employeeLastName]
2019-07-25 15:04:01 DEBUG SimpleValueBinder:411 - building SimpleValue for employeeLastName
2019-07-25 15:04:01 DEBUG PropertyBinder:266 - Building property employeeLastName
2019-07-25 15:04:01 DEBUG AnnotationBinder:557 - Binding entity from annotated class: com.sears.employee.portal.entity.AdminEntity
2019-07-25 15:04:01 DEBUG Ejb3Column:213 - Binding column: Ejb3DiscriminatorColumn{logicalColumnName'DTYPE', discriminatorTypeName='string'}
2019-07-25 15:04:01 DEBUG EntityBinder:430 - Import with entity name AdminEntity
2019-07-25 15:04:01 DEBUG EntityBinder:873 - Bind entity com.sears.employee.portal.entity.AdminEntity on table adminDetails
2019-07-25 15:04:01 DEBUG Ejb3Column:213 - Binding column: Ejb3Column{table=org.hibernate.mapping.Table(adminDetails), mappingColumn=admin_ID, insertable=true, updatable=true, unique=false}
2019-07-25 15:04:01 DEBUG PropertyBinder:175 - MetadataSourceProcessor property adminID with lazy=false
2019-07-25 15:04:01 DEBUG AbstractPropertyHolder:94 - Attempting to locate auto-apply AttributeConverter for property [com.sears.employee.portal.entity.AdminEntity:adminID]
2019-07-25 15:04:01 DEBUG SimpleValueBinder:411 - building SimpleValue for adminID
2019-07-25 15:04:01 DEBUG PropertyBinder:266 - Building property adminID
2019-07-25 15:04:01 DEBUG BinderHelper:644 - #makeIdGenerator(org.hibernate.mapping.SimpleValue([org.hibernate.mapping.Column(admin_ID)]), adminID, assigned, , ...)
2019-07-25 15:04:01 DEBUG Ejb3Column:213 - Binding column: Ejb3Column{table=org.hibernate.mapping.Table(adminDetails), mappingColumn=admin_password, insertable=true, updatable=true, unique=false}
2019-07-25 15:04:01 DEBUG PropertyBinder:175 - MetadataSourceProcessor property adminPassword with lazy=false
2019-07-25 15:04:01 DEBUG AbstractPropertyHolder:94 - Attempting to locate auto-apply AttributeConverter for property [com.sears.employee.portal.entity.AdminEntity:adminPassword]
2019-07-25 15:04:01 DEBUG SimpleValueBinder:411 - building SimpleValue for adminPassword
2019-07-25 15:04:01 DEBUG PropertyBinder:266 - Building property adminPassword
2019-07-25 15:04:01 DEBUG AnnotationBinder:557 - Binding entity from annotated class: com.sears.employee.portal.entity.EmployeeSalaryEntity
2019-07-25 15:04:01 DEBUG Ejb3Column:213 - Binding column: Ejb3DiscriminatorColumn{logicalColumnName'DTYPE', discriminatorTypeName='string'}
2019-07-25 15:04:01 DEBUG EntityBinder:430 - Import with entity name EmployeeSalaryEntity
2019-07-25 15:04:01 DEBUG EntityBinder:873 - Bind entity com.sears.employee.portal.entity.EmployeeSalaryEntity on table EmployeesSalaryDetails
2019-07-25 15:04:01 DEBUG Ejb3Column:213 - Binding column: Ejb3Column{table=org.hibernate.mapping.Table(EmployeesSalaryDetails), mappingColumn=emp_id, insertable=true, updatable=true, unique=false}
2019-07-25 15:04:01 DEBUG PropertyBinder:175 - MetadataSourceProcessor property empId with lazy=false
2019-07-25 15:04:01 DEBUG AbstractPropertyHolder:94 - Attempting to locate auto-apply AttributeConverter for property [com.sears.employee.portal.entity.EmployeeSalaryEntity:empId]
2019-07-25 15:04:01 DEBUG SimpleValueBinder:411 - building SimpleValue for empId
2019-07-25 15:04:01 DEBUG PropertyBinder:266 - Building property empId
2019-07-25 15:04:01 DEBUG BinderHelper:644 - #makeIdGenerator(org.hibernate.mapping.SimpleValue([org.hibernate.mapping.Column(emp_id)]), empId, assigned, , ...)
2019-07-25 15:04:01 DEBUG Ejb3Column:213 - Binding column: Ejb3Column{table=org.hibernate.mapping.Table(EmployeesSalaryDetails), mappingColumn=BASIC_SALARY, insertable=true, updatable=true, unique=false}
2019-07-25 15:04:01 DEBUG PropertyBinder:175 - MetadataSourceProcessor property basicSalary with lazy=false
2019-07-25 15:04:01 DEBUG AbstractPropertyHolder:94 - Attempting to locate auto-apply AttributeConverter for property [com.sears.employee.portal.entity.EmployeeSalaryEntity:basicSalary]
2019-07-25 15:04:01 DEBUG SimpleValueBinder:411 - building SimpleValue for basicSalary
2019-07-25 15:04:01 DEBUG PropertyBinder:266 - Building property basicSalary
2019-07-25 15:04:01 DEBUG Ejb3Column:213 - Binding column: Ejb3Column{table=org.hibernate.mapping.Table(EmployeesSalaryDetails), mappingColumn=HRA, insertable=true, updatable=true, unique=false}
2019-07-25 15:04:01 DEBUG PropertyBinder:175 - MetadataSourceProcessor property houseRentAllowance with lazy=false
2019-07-25 15:04:01 DEBUG AbstractPropertyHolder:94 - Attempting to locate auto-apply AttributeConverter for property [com.sears.employee.portal.entity.EmployeeSalaryEntity:houseRentAllowance]
2019-07-25 15:04:01 DEBUG SimpleValueBinder:411 - building SimpleValue for houseRentAllowance
2019-07-25 15:04:01 DEBUG PropertyBinder:266 - Building property houseRentAllowance
2019-07-25 15:04:01 DEBUG Ejb3Column:213 - Binding column: Ejb3Column{table=org.hibernate.mapping.Table(EmployeesSalaryDetails), mappingColumn=MEDICAL_ALLOWANCE, insertable=true, updatable=true, unique=false}
2019-07-25 15:04:01 DEBUG PropertyBinder:175 - MetadataSourceProcessor property medicalAllowance with lazy=false
2019-07-25 15:04:01 DEBUG AbstractPropertyHolder:94 - Attempting to locate auto-apply AttributeConverter for property [com.sears.employee.portal.entity.EmployeeSalaryEntity:medicalAllowance]
2019-07-25 15:04:01 DEBUG SimpleValueBinder:411 - building SimpleValue for medicalAllowance
2019-07-25 15:04:01 DEBUG PropertyBinder:266 - Building property medicalAllowance
2019-07-25 15:04:01 DEBUG Ejb3Column:213 - Binding column: Ejb3Column{table=org.hibernate.mapping.Table(EmployeesSalaryDetails), mappingColumn=TRAVEL_ALLOWANCE, insertable=true, updatable=true, unique=false}
2019-07-25 15:04:01 DEBUG PropertyBinder:175 - MetadataSourceProcessor property travelAllowance with lazy=false
2019-07-25 15:04:01 DEBUG AbstractPropertyHolder:94 - Attempting to locate auto-apply AttributeConverter for property [com.sears.employee.portal.entity.EmployeeSalaryEntity:travelAllowance]
2019-07-25 15:04:01 DEBUG SimpleValueBinder:411 - building SimpleValue for travelAllowance
2019-07-25 15:04:01 DEBUG PropertyBinder:266 - Building property travelAllowance
2019-07-25 15:04:01 DEBUG SimpleValueBinder:456 - Starting fillSimpleValue for empId
2019-07-25 15:04:01 DEBUG SimpleValueBinder:456 - Starting fillSimpleValue for age
2019-07-25 15:04:01 DEBUG SimpleValueBinder:456 - Starting fillSimpleValue for bloodGroup
2019-07-25 15:04:01 DEBUG SimpleValueBinder:456 - Starting fillSimpleValue for dateOfBirth
2019-07-25 15:04:01 DEBUG SimpleValueBinder:456 - Starting fillSimpleValue for employeeFirstName
2019-07-25 15:04:01 DEBUG SimpleValueBinder:456 - Starting fillSimpleValue for employeeLastName
2019-07-25 15:04:01 DEBUG SimpleValueBinder:456 - Starting fillSimpleValue for adminID
2019-07-25 15:04:01 DEBUG SimpleValueBinder:456 - Starting fillSimpleValue for adminPassword
2019-07-25 15:04:01 DEBUG SimpleValueBinder:456 - Starting fillSimpleValue for empId
2019-07-25 15:04:01 DEBUG SimpleValueBinder:456 - Starting fillSimpleValue for basicSalary
2019-07-25 15:04:01 DEBUG SimpleValueBinder:456 - Starting fillSimpleValue for houseRentAllowance
2019-07-25 15:04:01 DEBUG SimpleValueBinder:456 - Starting fillSimpleValue for medicalAllowance
2019-07-25 15:04:01 DEBUG SimpleValueBinder:456 - Starting fillSimpleValue for travelAllowance
2019-07-25 15:04:01 DEBUG PrimaryKey:35 - Forcing column [emp_id] to be non-null as it is part of the primary key for table [employeetable]
2019-07-25 15:04:01 DEBUG PrimaryKey:35 - Forcing column [admin_id] to be non-null as it is part of the primary key for table [admindetails]
2019-07-25 15:04:01 DEBUG PrimaryKey:35 - Forcing column [emp_id] to be non-null as it is part of the primary key for table [employeessalarydetails]
2019-07-25 15:04:01 DEBUG PropertyBinder:266 - Building property empSalList
2019-07-25 15:04:01 DEBUG SessionFactoryImpl:196 - Building session factory
2019-07-25 15:04:01 DEBUG Settings:68 - SessionFactory name : null
2019-07-25 15:04:01 DEBUG Settings:69 - Automatic flush during beforeCompletion(): enabled
2019-07-25 15:04:01 DEBUG Settings:70 - Automatic session close at end of transaction: disabled
2019-07-25 15:04:01 DEBUG Settings:72 - Statistics: disabled
2019-07-25 15:04:01 DEBUG Settings:74 - Deleted entity synthetic identifier rollback: disabled
2019-07-25 15:04:01 DEBUG Settings:75 - Default entity-mode: pojo
2019-07-25 15:04:01 DEBUG Settings:76 - Check Nullability in Core (should be disabled when Bean Validation is on): enabled
2019-07-25 15:04:01 DEBUG Settings:77 - Allow initialization of lazy state outside session : disabled
2019-07-25 15:04:01 DEBUG Settings:79 - Using BatchFetchStyle : LEGACY
2019-07-25 15:04:01 DEBUG Settings:80 - Default batch fetch size: -1
2019-07-25 15:04:01 DEBUG Settings:81 - Maximum outer join fetch depth: 2
2019-07-25 15:04:01 DEBUG Settings:82 - Default null ordering: NONE
2019-07-25 15:04:01 DEBUG Settings:83 - Order SQL updates by primary key: disabled
2019-07-25 15:04:01 DEBUG Settings:84 - Order SQL inserts for batching: disabled
2019-07-25 15:04:01 DEBUG Settings:86 - multi-tenancy strategy : NONE
2019-07-25 15:04:01 DEBUG Settings:88 - JTA Track by Thread: enabled
2019-07-25 15:04:01 DEBUG Settings:90 - Query language substitutions: {}
2019-07-25 15:04:01 DEBUG Settings:91 - Named query checking : enabled
2019-07-25 15:04:01 DEBUG Settings:93 - Second-level cache: disabled
2019-07-25 15:04:01 DEBUG Settings:94 - Second-level query cache: disabled
2019-07-25 15:04:01 DEBUG Settings:95 - Second-level query cache factory: null
2019-07-25 15:04:01 DEBUG Settings:96 - Second-level cache region prefix: null
2019-07-25 15:04:01 DEBUG Settings:97 - Optimize second-level cache for minimal puts: disabled
2019-07-25 15:04:01 DEBUG Settings:98 - Structured second-level cache entries: disabled
2019-07-25 15:04:01 DEBUG Settings:99 - Second-level cache direct-reference entries: disabled
2019-07-25 15:04:01 DEBUG Settings:100 - Automatic eviction of collection cache: disabled
2019-07-25 15:04:01 DEBUG Settings:102 - JDBC batch size: 15
2019-07-25 15:04:01 DEBUG Settings:103 - JDBC batch updates for versioned data: enabled
2019-07-25 15:04:01 DEBUG Settings:104 - Scrollable result sets: enabled
2019-07-25 15:04:01 DEBUG Settings:105 - Wrap result sets: disabled
2019-07-25 15:04:01 DEBUG Settings:106 - JDBC3 getGeneratedKeys(): enabled
2019-07-25 15:04:01 DEBUG Settings:107 - JDBC result set fetch size: null
2019-07-25 15:04:01 DEBUG Settings:108 - Connection release mode: AFTER_TRANSACTION
2019-07-25 15:04:01 DEBUG Settings:109 - Generate SQL with comments: disabled
2019-07-25 15:04:01 DEBUG Settings:111 - JPA compliance - query : 
2019-07-25 15:04:01 DEBUG Settings:112 - JPA compliance - closed-handling : 
2019-07-25 15:04:01 DEBUG Settings:113 - JPA compliance - lists : 
2019-07-25 15:04:01 DEBUG Settings:114 - JPA compliance - transactions : 
2019-07-25 15:04:01 DEBUG SessionFactoryImpl:251 - Session factory constructed with filter configurations : {}
2019-07-25 15:04:01 DEBUG SessionFactoryImpl:252 - Instantiating session factory with properties: {sun.desktop=windows, hibernate.format_sql=true, awt.toolkit=sun.awt.windows.WToolkit, file.encoding.pkg=sun.io, java.specification.version=1.8, sun.cpu.isalist=amd64, sun.jnu.encoding=Cp1252, java.class.path=/C:/Users/ajha5/Downloads/eclipse-jee-mars-2-win32-x86_64/eclipse/plugins/org.eclipse.m2e.maven.runtime_1.6.3.20160209-1444/jars/plexus-classworlds-2.5.2.jar, java.vm.vendor=Oracle Corporation, sun.arch.data.model=64, user.variant=, catalina.useNaming=true, java.vendor.url=http://java.oracle.com/, user.timezone=Asia/Calcutta, javax.persistence.jdbc.user=****, javax.persistence.jdbc.url=jdbc:mysql://172.29.69.221:3306/mydb, os.name=Windows 7, java.vm.specification.version=1.8, sun.java.launcher=SUN_STANDARD, user.country=US, sun.boot.library.path=C:\Program Files\Java\jdk1.8.0_11\jre\bin, sun.java.command=org.codehaus.plexus.classworlds.launcher.Launcher -B tomcat7:run, maven.home=C:\Users\ajha5\Desktop\EmployeePortal\EMBEDDED, sun.cpu.endian=little, user.home=C:\Users\ajha5, user.language=en, java.specification.vendor=Oracle Corporation, java.naming.factory.url.pkgs=org.apache.naming, java.home=C:\Program Files\Java\jdk1.8.0_11\jre, file.separator=\, line.separator=
, java.vm.specification.vendor=Oracle Corporation, java.specification.name=Java Platform API Specification, hibernate.transaction.coordinator_class=class org.hibernate.resource.transaction.backend.jdbc.internal.JdbcResourceLocalTransactionCoordinatorBuilderImpl, java.awt.graphicsenv=sun.awt.Win32GraphicsEnvironment, javax.persistence.jdbc.driver=com.mysql.jdbc.Driver, package.access=sun.,org.apache.catalina.,org.apache.coyote.,org.apache.tomcat.,org.apache.jasper., package.definition=sun.,java.,org.apache.catalina.,org.apache.coyote.,org.apache.tomcat.,org.apache.jasper., sun.boot.class.path=C:\Program Files\Java\jdk1.8.0_11\jre\lib\resources.jar;C:\Program Files\Java\jdk1.8.0_11\jre\lib\rt.jar;C:\Program Files\Java\jdk1.8.0_11\jre\lib\sunrsasign.jar;C:\Program Files\Java\jdk1.8.0_11\jre\lib\jsse.jar;C:\Program Files\Java\jdk1.8.0_11\jre\lib\jce.jar;C:\Program Files\Java\jdk1.8.0_11\jre\lib\charsets.jar;C:\Program Files\Java\jdk1.8.0_11\jre\lib\jfr.jar;C:\Program Files\Java\jdk1.8.0_11\jre\classes, user.script=, server.loader=, java.util.logging.config.file=C:\Users\ajha5\Desktop\EmployeePortal\target\tomcat\conf\logging.properties, sun.management.compiler=HotSpot 64-Bit Tiered Compilers, java.runtime.version=1.8.0_11-b12, java.naming.factory.initial=org.apache.naming.java.javaURLContextFactory, user.name=ajha5, path.separator=;, hibernate.connection.username=****, common.loader=C:\Users\ajha5\Desktop\EmployeePortal\target\tomcat/lib,C:\Users\ajha5\Desktop\EmployeePortal\target\tomcat/lib/*.jar,C:\Users\ajha5\Desktop\EmployeePortal\target\tomcat/lib,C:\Users\ajha5\Desktop\EmployeePortal\target\tomcat/lib/*.jar, os.version=6.1, java.endorsed.dirs=C:\Program Files\Java\jdk1.8.0_11\jre\lib\endorsed, java.runtime.name=Java(TM) SE Runtime Environment, hibernate.connection.url=jdbc:mysql://172.29.69.221:3306/mydb, hibernate.ejb.persistenceUnitName=mydb, file.encoding=Cp1252, guice.disable.misplaced.annotation.check=true, java.vm.name=Java HotSpot(TM) 64-Bit Server VM, hibernate.show_sql=true, org.apache.catalina.startup.ContextConfig.jarsToSkip=, hibernate.connection.driver_class=com.mysql.jdbc.Driver, java.vendor.url.bug=http://bugreport.sun.com/bugreport/, java.io.tmpdir=C:\Users\ajha5\AppData\Local\Temp\, catalina.home=C:\Users\ajha5\Desktop\EmployeePortal\target\tomcat, java.version=1.8.0_11, user.dir=C:\Users\ajha5\Desktop\EmployeePortal, os.arch=amd64, maven.multiModuleProjectDirectory=C:\Users\ajha5\Desktop\EmployeePortal, java.vm.specification.name=Java Virtual Machine Specification, hibernate.connection.password=****, java.awt.printerjob=sun.awt.windows.WPrinterJob, tomcat.util.scan.DefaultJarScanner.jarsToSkip=bootstrap.jar,commons-daemon.jar,tomcat-juli.jar,annotations-api.jar,el-api.jar,jsp-api.jar,servlet-api.jar,websocket-api.jar,catalina.jar,catalina-ant.jar,catalina-ha.jar,catalina-tribes.jar,jasper.jar,jasper-el.jar,ecj-*.jar,tomcat-api.jar,tomcat-util.jar,tomcat-coyote.jar,tomcat-dbcp.jar,tomcat-jni.jar,tomcat-spdy.jar,tomcat-i18n-en.jar,tomcat-i18n-es.jar,tomcat-i18n-fr.jar,tomcat-i18n-ja.jar,tomcat-juli-adapters.jar,catalina-jmx-remote.jar,catalina-ws.jar,tomcat-jdbc.jar,tools.jar,commons-beanutils*.jar,commons-codec*.jar,commons-collections*.jar,commons-dbcp*.jar,commons-digester*.jar,commons-fileupload*.jar,commons-httpclient*.jar,commons-io*.jar,commons-lang*.jar,commons-logging*.jar,commons-math*.jar,commons-pool*.jar,jstl.jar,geronimo-spec-jaxrpc*.jar,wsdl4j*.jar,ant.jar,ant-junit*.jar,aspectj*.jar,jmx.jar,h2*.jar,hibernate*.jar,httpclient*.jar,jmx-tools.jar,jta*.jar,log4j.jar,log4j-1*.jar,mail*.jar,slf4j*.jar,xercesImpl.jar,xmlParserAPIs.jar,xml-apis.jar,junit.jar,junit-*.jar,hamcrest*.jar,org.hamcrest*.jar,ant-launcher.jar, sun.os.patch.level=Service Pack 1, catalina.base=C:\Users\ajha5\Desktop\EmployeePortal\target\tomcat, shared.loader=, hibernate.boot.CfgXmlAccessService.key=org.hibernate.boot.cfgxml.spi.LoadedConfig@53ec2dd1, java.util.logging.manager=org.apache.juli.ClassLoaderLogManager, java.library.path=C:\Program Files\Java\jdk1.8.0_11\bin;C:\Windows\Sun\Java\bin;C:\Windows\system32;C:\Windows;C:/Program Files/Java/jre1.8.0_111/bin/server;C:/Program Files/Java/jre1.8.0_111/bin;C:/Program Files/Java/jre1.8.0_111/lib/amd64;C:\dev_tools\EclipseNeon\eclipse\;C:\ProgramData\Oracle\Java\javapath;C:\Windows\system32;C:\Windows;C:\Windows\System32\Wbem;C:\Windows\System32\WindowsPowerShell\v1.0\;C:\Windows\System32\WindowsPowerShell\v1.0\;C:\Program Files (x86)\Symantec\VIP Access Client\;C:\Program Files\Dell\Dell Data Protection\Encryption\;C:\Program Files (x86)\Java\jdk1.8.0_11\bin;C:\Windows\System32\WindowsPowerShell\v1.0\;C:\Program Files\TortoiseSVN\bin;C:\Program Files (x86)\Git\cmd;C:\Program Files\TortoiseGit\bin;C:\Users\ajha5\Downloads\eclipse-jee-mars-2-win32-x86_64\eclipse;;., java.vendor=Oracle Corporation, java.vm.info=mixed mode, java.vm.version=25.11-b03, classworlds.conf=C:\Users\ajha5\WebDev\employee\.metadata\.plugins\org.eclipse.m2e.launching\launches\m2conf2138065376478467768.tmp, org.apache.catalina.startup.TldConfig.jarsToSkip=tomcat7-websocket.jar, hibernate.bytecode.use_reflection_optimizer=false, sun.io.unicode.encoding=UnicodeLittle, java.ext.dirs=C:\Program Files\Java\jdk1.8.0_11\jre\lib\ext;C:\Windows\Sun\Java\lib\ext, tomcat.util.buf.StringCache.byte.enabled=true, javax.persistence.jdbc.password=****, java.class.version=52.0}
2019-07-25 15:04:01 INFO  Version:27 - HV000001: Hibernate Validator 5.1.3.Final
2019-07-25 15:04:01 DEBUG DefaultTraversableResolver:112 - Found javax.persistence.Persistence on classpath containing 'getPersistenceUtil'. Assuming JPA 2 environment. Trying to instantiate JPA aware TraversableResolver
2019-07-25 15:04:01 DEBUG DefaultTraversableResolver:123 - Instantiated JPA aware TraversableResolver of type org.hibernate.validator.internal.engine.resolver.JPATraversableResolver.
2019-07-25 15:04:01 DEBUG ValidationXmlParser:91 - Trying to load META-INF/validation.xml for XML based Validator configuration.
2019-07-25 15:04:01 DEBUG ValidationXmlParser:98 - No META-INF/validation.xml found. Using annotation based configuration only.
2019-07-25 15:04:01 DEBUG ClassLoaderAccessImpl:60 - Not known whether passed class name [com.sears.employee.portal.entity.EmployeeEntity] is safe
2019-07-25 15:04:01 DEBUG ClassLoaderAccessImpl:62 - No temp ClassLoader provided; using live ClassLoader for loading potentially unsafe class : com.sears.employee.portal.entity.EmployeeEntity
2019-07-25 15:04:01 DEBUG ClassLoaderAccessImpl:60 - Not known whether passed class name [com.sears.employee.portal.entity.AdminEntity] is safe
2019-07-25 15:04:01 DEBUG ClassLoaderAccessImpl:62 - No temp ClassLoader provided; using live ClassLoader for loading potentially unsafe class : com.sears.employee.portal.entity.AdminEntity
2019-07-25 15:04:01 DEBUG ClassLoaderAccessImpl:60 - Not known whether passed class name [com.sears.employee.portal.entity.EmployeeSalaryEntity] is safe
2019-07-25 15:04:01 DEBUG ClassLoaderAccessImpl:62 - No temp ClassLoader provided; using live ClassLoader for loading potentially unsafe class : com.sears.employee.portal.entity.EmployeeSalaryEntity
2019-07-25 15:04:02 DEBUG JaccIntegrator:80 - Skipping JACC integration as it was not enabled
2019-07-25 15:04:02 DEBUG SessionFactoryImpl:291 - Instantiated session factory
2019-07-25 15:04:02 DEBUG TypeConfiguration$Scope:157 - Scoping TypeConfiguration [org.hibernate.type.spi.TypeConfiguration@602211b8] to SessionFactoryImpl [org.hibernate.internal.SessionFactoryImpl@5bfd2f94]
2019-07-25 15:04:02 DEBUG ClassLoaderAccessImpl:60 - Not known whether passed class name [com.sears.employee.portal.entity.EmployeeEntity] is safe
2019-07-25 15:04:02 DEBUG ClassLoaderAccessImpl:62 - No temp ClassLoader provided; using live ClassLoader for loading potentially unsafe class : com.sears.employee.portal.entity.EmployeeEntity
2019-07-25 15:04:02 DEBUG ClassLoaderAccessImpl:60 - Not known whether passed class name [com.sears.employee.portal.entity.EmployeeEntity] is safe
2019-07-25 15:04:02 DEBUG ClassLoaderAccessImpl:62 - No temp ClassLoader provided; using live ClassLoader for loading potentially unsafe class : com.sears.employee.portal.entity.EmployeeEntity
2019-07-25 15:04:02 DEBUG ClassLoaderAccessImpl:60 - Not known whether passed class name [com.sears.employee.portal.entity.AdminEntity] is safe
2019-07-25 15:04:02 DEBUG ClassLoaderAccessImpl:62 - No temp ClassLoader provided; using live ClassLoader for loading potentially unsafe class : com.sears.employee.portal.entity.AdminEntity
2019-07-25 15:04:02 DEBUG ClassLoaderAccessImpl:60 - Not known whether passed class name [com.sears.employee.portal.entity.AdminEntity] is safe
2019-07-25 15:04:02 DEBUG ClassLoaderAccessImpl:62 - No temp ClassLoader provided; using live ClassLoader for loading potentially unsafe class : com.sears.employee.portal.entity.AdminEntity
2019-07-25 15:04:02 DEBUG ClassLoaderAccessImpl:60 - Not known whether passed class name [com.sears.employee.portal.entity.EmployeeSalaryEntity] is safe
2019-07-25 15:04:02 DEBUG ClassLoaderAccessImpl:62 - No temp ClassLoader provided; using live ClassLoader for loading potentially unsafe class : com.sears.employee.portal.entity.EmployeeSalaryEntity
2019-07-25 15:04:02 DEBUG ClassLoaderAccessImpl:60 - Not known whether passed class name [com.sears.employee.portal.entity.EmployeeSalaryEntity] is safe
2019-07-25 15:04:02 DEBUG ClassLoaderAccessImpl:62 - No temp ClassLoader provided; using live ClassLoader for loading potentially unsafe class : com.sears.employee.portal.entity.EmployeeSalaryEntity
2019-07-25 15:04:02 DEBUG AbstractEntityPersister:3790 - Static SQL for entity: com.sears.employee.portal.entity.EmployeeEntity
2019-07-25 15:04:02 DEBUG AbstractEntityPersister:3795 -  Version select: select emp_id from EmployeeTable where emp_id =?
2019-07-25 15:04:02 DEBUG AbstractEntityPersister:3798 -  Snapshot select: select employeeen_.emp_id, employeeen_.age as age2_2_, employeeen_.blood_group as blood_gr3_2_, employeeen_.dob as dob4_2_, employeeen_.first_name as first_na5_2_, employeeen_.last_name as last_nam6_2_ from EmployeeTable employeeen_ where employeeen_.emp_id=?
2019-07-25 15:04:02 DEBUG AbstractEntityPersister:394 -  Insert 0: insert into EmployeeTable (age, blood_group, dob, first_name, last_name, emp_id) values (?, ?, ?, ?, ?, ?)
2019-07-25 15:04:02 DEBUG AbstractEntityPersister:394 -  Update 0: update EmployeeTable set age=?, blood_group=?, dob=?, first_name=?, last_name=? where emp_id=?
2019-07-25 15:04:02 DEBUG AbstractEntityPersister:394 -  Delete 0: delete from EmployeeTable where emp_id=?
2019-07-25 15:04:02 DEBUG QuerySpacesImpl:174 - Adding QuerySpace : uid = <gen:0> -> org.hibernate.loader.plan.build.internal.spaces.EntityQuerySpaceImpl@153b1f8a]
2019-07-25 15:04:02 DEBUG MetamodelGraphWalker:146 - Visiting attribute path : age
2019-07-25 15:04:02 DEBUG MetamodelGraphWalker:146 - Visiting attribute path : bloodGroup
2019-07-25 15:04:02 DEBUG MetamodelGraphWalker:146 - Visiting attribute path : dateOfBirth
2019-07-25 15:04:02 DEBUG MetamodelGraphWalker:146 - Visiting attribute path : employeeFirstName
2019-07-25 15:04:02 DEBUG MetamodelGraphWalker:146 - Visiting attribute path : employeeLastName
2019-07-25 15:04:02 DEBUG MetamodelGraphWalker:146 - Visiting attribute path : empSalList
2019-07-25 15:04:02 DEBUG MetamodelGraphWalker:154 - Property path deemed to be circular : empSalList
2019-07-25 15:04:02 DEBUG FetchStyleLoadPlanBuildingAssociationVisitationStrategy:150 - Building LoadPlan...
2019-07-25 15:04:02 DEBUG LoadQueryJoinAndFetchProcessor:102 - processing queryspace <gen:0>
2019-07-25 15:04:02 DEBUG LoadPlanTreePrinter:55 - LoadPlan(entity=com.sears.employee.portal.entity.EmployeeEntity)
    - Returns
       - EntityReturnImpl(entity=com.sears.employee.portal.entity.EmployeeEntity, querySpaceUid=<gen:0>, path=com.sears.employee.portal.entity.EmployeeEntity)
    - QuerySpaces
       - EntityQuerySpaceImpl(uid=<gen:0>, entity=com.sears.employee.portal.entity.EmployeeEntity)
          - SQL table alias mapping - employeeen0_
          - alias suffix - 0_
          - suffixed key columns - {emp_id1_2_0_}

2019-07-25 15:04:02 DEBUG EntityLoader:137 - Static select for entity com.sears.employee.portal.entity.EmployeeEntity [NONE]: select employeeen0_.emp_id as emp_id1_2_0_, employeeen0_.age as age2_2_0_, employeeen0_.blood_group as blood_gr3_2_0_, employeeen0_.dob as dob4_2_0_, employeeen0_.first_name as first_na5_2_0_, employeeen0_.last_name as last_nam6_2_0_ from EmployeeTable employeeen0_ where employeeen0_.emp_id=?
2019-07-25 15:04:02 DEBUG QuerySpacesImpl:174 - Adding QuerySpace : uid = <gen:0> -> org.hibernate.loader.plan.build.internal.spaces.EntityQuerySpaceImpl@19b471af]
2019-07-25 15:04:02 DEBUG MetamodelGraphWalker:146 - Visiting attribute path : age
2019-07-25 15:04:02 DEBUG MetamodelGraphWalker:146 - Visiting attribute path : bloodGroup
2019-07-25 15:04:02 DEBUG MetamodelGraphWalker:146 - Visiting attribute path : dateOfBirth
2019-07-25 15:04:02 DEBUG MetamodelGraphWalker:146 - Visiting attribute path : employeeFirstName
2019-07-25 15:04:02 DEBUG MetamodelGraphWalker:146 - Visiting attribute path : employeeLastName
2019-07-25 15:04:02 DEBUG MetamodelGraphWalker:146 - Visiting attribute path : empSalList
2019-07-25 15:04:02 DEBUG MetamodelGraphWalker:154 - Property path deemed to be circular : empSalList
2019-07-25 15:04:02 DEBUG FetchStyleLoadPlanBuildingAssociationVisitationStrategy:150 - Building LoadPlan...
2019-07-25 15:04:02 DEBUG LoadQueryJoinAndFetchProcessor:102 - processing queryspace <gen:0>
2019-07-25 15:04:02 DEBUG LoadPlanTreePrinter:55 - LoadPlan(entity=com.sears.employee.portal.entity.EmployeeEntity)
    - Returns
       - EntityReturnImpl(entity=com.sears.employee.portal.entity.EmployeeEntity, querySpaceUid=<gen:0>, path=com.sears.employee.portal.entity.EmployeeEntity)
    - QuerySpaces
       - EntityQuerySpaceImpl(uid=<gen:0>, entity=com.sears.employee.portal.entity.EmployeeEntity)
          - SQL table alias mapping - employeeen0_
          - alias suffix - 0_
          - suffixed key columns - {emp_id1_2_0_}

2019-07-25 15:04:02 DEBUG EntityLoader:137 - Static select for entity com.sears.employee.portal.entity.EmployeeEntity [READ]: select employeeen0_.emp_id as emp_id1_2_0_, employeeen0_.age as age2_2_0_, employeeen0_.blood_group as blood_gr3_2_0_, employeeen0_.dob as dob4_2_0_, employeeen0_.first_name as first_na5_2_0_, employeeen0_.last_name as last_nam6_2_0_ from EmployeeTable employeeen0_ where employeeen0_.emp_id=?
2019-07-25 15:04:02 DEBUG Loader:38 - Static select for action ACTION_MERGE on entity com.sears.employee.portal.entity.EmployeeEntity: select employeeen0_.emp_id as emp_id1_2_0_, employeeen0_.age as age2_2_0_, employeeen0_.blood_group as blood_gr3_2_0_, employeeen0_.dob as dob4_2_0_, employeeen0_.first_name as first_na5_2_0_, employeeen0_.last_name as last_nam6_2_0_ from EmployeeTable employeeen0_ where employeeen0_.emp_id=?
2019-07-25 15:04:02 DEBUG Loader:38 - Static select for action ACTION_REFRESH on entity com.sears.employee.portal.entity.EmployeeEntity: select employeeen0_.emp_id as emp_id1_2_0_, employeeen0_.age as age2_2_0_, employeeen0_.blood_group as blood_gr3_2_0_, employeeen0_.dob as dob4_2_0_, employeeen0_.first_name as first_na5_2_0_, employeeen0_.last_name as last_nam6_2_0_ from EmployeeTable employeeen0_ where employeeen0_.emp_id=?
2019-07-25 15:04:02 DEBUG AbstractEntityPersister:3790 - Static SQL for entity: com.sears.employee.portal.entity.AdminEntity
2019-07-25 15:04:02 DEBUG AbstractEntityPersister:3795 -  Version select: select admin_ID from adminDetails where admin_ID =?
2019-07-25 15:04:02 DEBUG AbstractEntityPersister:3798 -  Snapshot select: select adminentit_.admin_ID, adminentit_.admin_password as admin_pa2_0_ from adminDetails adminentit_ where adminentit_.admin_ID=?
2019-07-25 15:04:02 DEBUG AbstractEntityPersister:394 -  Insert 0: insert into adminDetails (admin_password, admin_ID) values (?, ?)
2019-07-25 15:04:02 DEBUG AbstractEntityPersister:394 -  Update 0: update adminDetails set admin_password=? where admin_ID=?
2019-07-25 15:04:02 DEBUG AbstractEntityPersister:394 -  Delete 0: delete from adminDetails where admin_ID=?
2019-07-25 15:04:02 DEBUG QuerySpacesImpl:174 - Adding QuerySpace : uid = <gen:0> -> org.hibernate.loader.plan.build.internal.spaces.EntityQuerySpaceImpl@652cf062]
2019-07-25 15:04:02 DEBUG MetamodelGraphWalker:146 - Visiting attribute path : adminPassword
2019-07-25 15:04:02 DEBUG FetchStyleLoadPlanBuildingAssociationVisitationStrategy:150 - Building LoadPlan...
2019-07-25 15:04:02 DEBUG LoadQueryJoinAndFetchProcessor:102 - processing queryspace <gen:0>
2019-07-25 15:04:02 DEBUG LoadPlanTreePrinter:55 - LoadPlan(entity=com.sears.employee.portal.entity.AdminEntity)
    - Returns
       - EntityReturnImpl(entity=com.sears.employee.portal.entity.AdminEntity, querySpaceUid=<gen:0>, path=com.sears.employee.portal.entity.AdminEntity)
    - QuerySpaces
       - EntityQuerySpaceImpl(uid=<gen:0>, entity=com.sears.employee.portal.entity.AdminEntity)
          - SQL table alias mapping - adminentit0_
          - alias suffix - 0_
          - suffixed key columns - {admin_ID1_0_0_}

2019-07-25 15:04:02 DEBUG EntityLoader:137 - Static select for entity com.sears.employee.portal.entity.AdminEntity [NONE]: select adminentit0_.admin_ID as admin_ID1_0_0_, adminentit0_.admin_password as admin_pa2_0_0_ from adminDetails adminentit0_ where adminentit0_.admin_ID=?
2019-07-25 15:04:02 DEBUG QuerySpacesImpl:174 - Adding QuerySpace : uid = <gen:0> -> org.hibernate.loader.plan.build.internal.spaces.EntityQuerySpaceImpl@38b5df]
2019-07-25 15:04:02 DEBUG MetamodelGraphWalker:146 - Visiting attribute path : adminPassword
2019-07-25 15:04:02 DEBUG FetchStyleLoadPlanBuildingAssociationVisitationStrategy:150 - Building LoadPlan...
2019-07-25 15:04:02 DEBUG LoadQueryJoinAndFetchProcessor:102 - processing queryspace <gen:0>
2019-07-25 15:04:02 DEBUG LoadPlanTreePrinter:55 - LoadPlan(entity=com.sears.employee.portal.entity.AdminEntity)
    - Returns
       - EntityReturnImpl(entity=com.sears.employee.portal.entity.AdminEntity, querySpaceUid=<gen:0>, path=com.sears.employee.portal.entity.AdminEntity)
    - QuerySpaces
       - EntityQuerySpaceImpl(uid=<gen:0>, entity=com.sears.employee.portal.entity.AdminEntity)
          - SQL table alias mapping - adminentit0_
          - alias suffix - 0_
          - suffixed key columns - {admin_ID1_0_0_}

2019-07-25 15:04:02 DEBUG EntityLoader:137 - Static select for entity com.sears.employee.portal.entity.AdminEntity [READ]: select adminentit0_.admin_ID as admin_ID1_0_0_, adminentit0_.admin_password as admin_pa2_0_0_ from adminDetails adminentit0_ where adminentit0_.admin_ID=?
2019-07-25 15:04:02 DEBUG Loader:38 - Static select for action ACTION_MERGE on entity com.sears.employee.portal.entity.AdminEntity: select adminentit0_.admin_ID as admin_ID1_0_0_, adminentit0_.admin_password as admin_pa2_0_0_ from adminDetails adminentit0_ where adminentit0_.admin_ID=?
2019-07-25 15:04:02 DEBUG Loader:38 - Static select for action ACTION_REFRESH on entity com.sears.employee.portal.entity.AdminEntity: select adminentit0_.admin_ID as admin_ID1_0_0_, adminentit0_.admin_password as admin_pa2_0_0_ from adminDetails adminentit0_ where adminentit0_.admin_ID=?
2019-07-25 15:04:02 DEBUG AbstractEntityPersister:3790 - Static SQL for entity: com.sears.employee.portal.entity.EmployeeSalaryEntity
2019-07-25 15:04:02 DEBUG AbstractEntityPersister:3795 -  Version select: select emp_id from EmployeesSalaryDetails where emp_id =?
2019-07-25 15:04:02 DEBUG AbstractEntityPersister:3798 -  Snapshot select: select employeesa_.emp_id, employeesa_.BASIC_SALARY as BASIC_SA2_1_, employeesa_.HRA as HRA3_1_, employeesa_.MEDICAL_ALLOWANCE as MEDICAL_4_1_, employeesa_.TRAVEL_ALLOWANCE as TRAVEL_A5_1_ from EmployeesSalaryDetails employeesa_ where employeesa_.emp_id=?
2019-07-25 15:04:02 DEBUG AbstractEntityPersister:394 -  Insert 0: insert into EmployeesSalaryDetails (BASIC_SALARY, HRA, MEDICAL_ALLOWANCE, TRAVEL_ALLOWANCE, emp_id) values (?, ?, ?, ?, ?)
2019-07-25 15:04:02 DEBUG AbstractEntityPersister:394 -  Update 0: update EmployeesSalaryDetails set BASIC_SALARY=?, HRA=?, MEDICAL_ALLOWANCE=?, TRAVEL_ALLOWANCE=? where emp_id=?
2019-07-25 15:04:02 DEBUG AbstractEntityPersister:394 -  Delete 0: delete from EmployeesSalaryDetails where emp_id=?
2019-07-25 15:04:02 DEBUG QuerySpacesImpl:174 - Adding QuerySpace : uid = <gen:0> -> org.hibernate.loader.plan.build.internal.spaces.EntityQuerySpaceImpl@5124afd2]
2019-07-25 15:04:02 DEBUG MetamodelGraphWalker:146 - Visiting attribute path : basicSalary
2019-07-25 15:04:02 DEBUG MetamodelGraphWalker:146 - Visiting attribute path : houseRentAllowance
2019-07-25 15:04:02 DEBUG MetamodelGraphWalker:146 - Visiting attribute path : medicalAllowance
2019-07-25 15:04:02 DEBUG MetamodelGraphWalker:146 - Visiting attribute path : travelAllowance
2019-07-25 15:04:02 DEBUG FetchStyleLoadPlanBuildingAssociationVisitationStrategy:150 - Building LoadPlan...
2019-07-25 15:04:02 DEBUG LoadQueryJoinAndFetchProcessor:102 - processing queryspace <gen:0>
2019-07-25 15:04:02 DEBUG LoadPlanTreePrinter:55 - LoadPlan(entity=com.sears.employee.portal.entity.EmployeeSalaryEntity)
    - Returns
       - EntityReturnImpl(entity=com.sears.employee.portal.entity.EmployeeSalaryEntity, querySpaceUid=<gen:0>, path=com.sears.employee.portal.entity.EmployeeSalaryEntity)
    - QuerySpaces
       - EntityQuerySpaceImpl(uid=<gen:0>, entity=com.sears.employee.portal.entity.EmployeeSalaryEntity)
          - SQL table alias mapping - employeesa0_
          - alias suffix - 0_
          - suffixed key columns - {emp_id1_1_0_}

2019-07-25 15:04:02 DEBUG EntityLoader:137 - Static select for entity com.sears.employee.portal.entity.EmployeeSalaryEntity [NONE]: select employeesa0_.emp_id as emp_id1_1_0_, employeesa0_.BASIC_SALARY as BASIC_SA2_1_0_, employeesa0_.HRA as HRA3_1_0_, employeesa0_.MEDICAL_ALLOWANCE as MEDICAL_4_1_0_, employeesa0_.TRAVEL_ALLOWANCE as TRAVEL_A5_1_0_ from EmployeesSalaryDetails employeesa0_ where employeesa0_.emp_id=?
2019-07-25 15:04:02 DEBUG QuerySpacesImpl:174 - Adding QuerySpace : uid = <gen:0> -> org.hibernate.loader.plan.build.internal.spaces.EntityQuerySpaceImpl@48a73eef]
2019-07-25 15:04:02 DEBUG MetamodelGraphWalker:146 - Visiting attribute path : basicSalary
2019-07-25 15:04:02 DEBUG MetamodelGraphWalker:146 - Visiting attribute path : houseRentAllowance
2019-07-25 15:04:02 DEBUG MetamodelGraphWalker:146 - Visiting attribute path : medicalAllowance
2019-07-25 15:04:02 DEBUG MetamodelGraphWalker:146 - Visiting attribute path : travelAllowance
2019-07-25 15:04:02 DEBUG FetchStyleLoadPlanBuildingAssociationVisitationStrategy:150 - Building LoadPlan...
2019-07-25 15:04:02 DEBUG LoadQueryJoinAndFetchProcessor:102 - processing queryspace <gen:0>
2019-07-25 15:04:02 DEBUG LoadPlanTreePrinter:55 - LoadPlan(entity=com.sears.employee.portal.entity.EmployeeSalaryEntity)
    - Returns
       - EntityReturnImpl(entity=com.sears.employee.portal.entity.EmployeeSalaryEntity, querySpaceUid=<gen:0>, path=com.sears.employee.portal.entity.EmployeeSalaryEntity)
    - QuerySpaces
       - EntityQuerySpaceImpl(uid=<gen:0>, entity=com.sears.employee.portal.entity.EmployeeSalaryEntity)
          - SQL table alias mapping - employeesa0_
          - alias suffix - 0_
          - suffixed key columns - {emp_id1_1_0_}

2019-07-25 15:04:02 DEBUG EntityLoader:137 - Static select for entity com.sears.employee.portal.entity.EmployeeSalaryEntity [READ]: select employeesa0_.emp_id as emp_id1_1_0_, employeesa0_.BASIC_SALARY as BASIC_SA2_1_0_, employeesa0_.HRA as HRA3_1_0_, employeesa0_.MEDICAL_ALLOWANCE as MEDICAL_4_1_0_, employeesa0_.TRAVEL_ALLOWANCE as TRAVEL_A5_1_0_ from EmployeesSalaryDetails employeesa0_ where employeesa0_.emp_id=?
2019-07-25 15:04:02 DEBUG Loader:38 - Static select for action ACTION_MERGE on entity com.sears.employee.portal.entity.EmployeeSalaryEntity: select employeesa0_.emp_id as emp_id1_1_0_, employeesa0_.BASIC_SALARY as BASIC_SA2_1_0_, employeesa0_.HRA as HRA3_1_0_, employeesa0_.MEDICAL_ALLOWANCE as MEDICAL_4_1_0_, employeesa0_.TRAVEL_ALLOWANCE as TRAVEL_A5_1_0_ from EmployeesSalaryDetails employeesa0_ where employeesa0_.emp_id=?
2019-07-25 15:04:02 DEBUG Loader:38 - Static select for action ACTION_REFRESH on entity com.sears.employee.portal.entity.EmployeeSalaryEntity: select employeesa0_.emp_id as emp_id1_1_0_, employeesa0_.BASIC_SALARY as BASIC_SA2_1_0_, employeesa0_.HRA as HRA3_1_0_, employeesa0_.MEDICAL_ALLOWANCE as MEDICAL_4_1_0_, employeesa0_.TRAVEL_ALLOWANCE as TRAVEL_A5_1_0_ from EmployeesSalaryDetails employeesa0_ where employeesa0_.emp_id=?
2019-07-25 15:04:02 DEBUG SchemaManagementToolCoordinator:57 - No actions specified; doing nothing
2019-07-25 15:04:02 DEBUG JtaPlatformInitiator:43 - No JtaPlatform was specified, checking resolver
2019-07-25 15:04:02 DEBUG JtaPlatformResolverInitiator:33 - No JtaPlatformResolver was specified, using default [org.hibernate.engine.transaction.jta.platform.internal.StandardJtaPlatformResolver]
2019-07-25 15:04:02 DEBUG StandardJtaPlatformResolver:137 - Could not resolve JtaPlatform, using default [org.hibernate.engine.transaction.jta.platform.internal.NoJtaPlatform]
2019-07-25 15:04:02 INFO  JtaPlatformInitiator:52 - HHH000490: Using JtaPlatform implementation: [org.hibernate.engine.transaction.jta.platform.internal.NoJtaPlatform]
2019-07-25 15:04:02 DEBUG NamedQueryRepository:151 - Checking 0 named HQL queries
2019-07-25 15:04:02 DEBUG NamedQueryRepository:167 - Checking 0 named SQL queries
2019-07-25 15:04:02 DEBUG SessionFactoryRegistry:52 - Initializing SessionFactoryRegistry : org.hibernate.internal.SessionFactoryRegistry@2e3f8a79
2019-07-25 15:04:02 DEBUG SessionFactoryRegistry:74 - Registering SessionFactory: bedc0869-7786-4635-a9d3-e43e4154a00e (<unnamed>)
2019-07-25 15:04:02 DEBUG SessionFactoryRegistry:81 - Not binding SessionFactory to JNDI, no JNDI name configured
2019-07-25 15:04:02 DEBUG StatisticsInitiator:101 - Statistics initialized [enabled=false]
2019-07-25 15:04:02 DEBUG TransactionImpl:56 - On TransactionImpl creation, JpaCompliance#isJpaTransactionComplianceEnabled == false
2019-07-25 15:04:02 DEBUG TransactionImpl:56 - On TransactionImpl creation, JpaCompliance#isJpaTransactionComplianceEnabled == false
2019-07-25 15:04:02 DEBUG TransactionImpl:56 - On TransactionImpl creation, JpaCompliance#isJpaTransactionComplianceEnabled == false
2019-07-25 15:04:03 DEBUG TransactionImpl:56 - On TransactionImpl creation, JpaCompliance#isJpaTransactionComplianceEnabled == false
2019-07-25 15:04:03 DEBUG TransactionImpl:56 - On TransactionImpl creation, JpaCompliance#isJpaTransactionComplianceEnabled == false
2019-07-25 15:04:03 DEBUG TransactionImpl:56 - On TransactionImpl creation, JpaCompliance#isJpaTransactionComplianceEnabled == false
2019-07-25 15:04:03 DEBUG TransactionImpl:56 - On TransactionImpl creation, JpaCompliance#isJpaTransactionComplianceEnabled == false
2019-07-25 15:04:03 DEBUG TransactionImpl:56 - On TransactionImpl creation, JpaCompliance#isJpaTransactionComplianceEnabled == false
2019-07-25 15:04:03 DEBUG TransactionImpl:56 - On TransactionImpl creation, JpaCompliance#isJpaTransactionComplianceEnabled == false
2019-07-25 15:04:03 DEBUG TransactionImpl:56 - On TransactionImpl creation, JpaCompliance#isJpaTransactionComplianceEnabled == false
2019-07-25 15:04:03 DEBUG TransactionImpl:56 - On TransactionImpl creation, JpaCompliance#isJpaTransactionComplianceEnabled == false
2019-07-25 15:04:03 DEBUG TransactionImpl:56 - On TransactionImpl creation, JpaCompliance#isJpaTransactionComplianceEnabled == false
2019-07-25 15:04:03 DEBUG TransactionImpl:56 - On TransactionImpl creation, JpaCompliance#isJpaTransactionComplianceEnabled == false
2019-07-25 15:04:03 DEBUG TransactionImpl:56 - On TransactionImpl creation, JpaCompliance#isJpaTransactionComplianceEnabled == false
2019-07-25 15:04:03 DEBUG TransactionImpl:56 - On TransactionImpl creation, JpaCompliance#isJpaTransactionComplianceEnabled == false
2019-07-25 15:04:03 DEBUG TransactionImpl:56 - On TransactionImpl creation, JpaCompliance#isJpaTransactionComplianceEnabled == false
2019-07-25 15:04:03 DEBUG TransactionImpl:56 - On TransactionImpl creation, JpaCompliance#isJpaTransactionComplianceEnabled == false
2019-07-25 15:04:03 DEBUG TransactionImpl:56 - On TransactionImpl creation, JpaCompliance#isJpaTransactionComplianceEnabled == false
2019-07-25 15:04:03 DEBUG TransactionImpl:56 - On TransactionImpl creation, JpaCompliance#isJpaTransactionComplianceEnabled == false
2019-07-25 15:04:03 DEBUG TransactionImpl:56 - On TransactionImpl creation, JpaCompliance#isJpaTransactionComplianceEnabled == false
2019-07-25 15:04:03 DEBUG TransactionImpl:56 - On TransactionImpl creation, JpaCompliance#isJpaTransactionComplianceEnabled == false
2019-07-25 15:04:03 DEBUG TransactionImpl:56 - On TransactionImpl creation, JpaCompliance#isJpaTransactionComplianceEnabled == false
2019-07-25 15:04:03 DEBUG DefaultTraversableResolver:112 - Found javax.persistence.Persistence on classpath containing 'getPersistenceUtil'. Assuming JPA 2 environment. Trying to instantiate JPA aware TraversableResolver
2019-07-25 15:04:03 DEBUG DefaultTraversableResolver:123 - Instantiated JPA aware TraversableResolver of type org.hibernate.validator.internal.engine.resolver.JPATraversableResolver.
2019-07-25 15:04:03 DEBUG ConfigurationImpl:123 - Setting custom MessageInterpolator of type org.springframework.validation.beanvalidation.LocaleContextMessageInterpolator
2019-07-25 15:04:03 DEBUG ConfigurationImpl:145 - Setting custom ConstraintValidatorFactory of type org.springframework.validation.beanvalidation.SpringConstraintValidatorFactory
2019-07-25 15:04:03 DEBUG ConfigurationImpl:159 - Setting custom ParameterNameProvider of type org.springframework.validation.beanvalidation.LocalValidatorFactoryBean$1
2019-07-25 15:04:03 DEBUG ValidationXmlParser:91 - Trying to load META-INF/validation.xml for XML based Validator configuration.
2019-07-25 15:04:03 DEBUG ValidationXmlParser:98 - No META-INF/validation.xml found. Using annotation based configuration only.
2019-07-25 15:04:17 INFO  AdminServicesImpl:17 - In to the Check User Function
2019-07-25 15:04:17 INFO  AdminDaoImpl:21 - In to the check user Dao Impl 
2019-07-25 15:04:17 DEBUG TransactionImpl:56 - On TransactionImpl creation, JpaCompliance#isJpaTransactionComplianceEnabled == false
2019-07-25 15:04:17 DEBUG CriteriaQueryImpl:299 - Rendered criteria query -> select generatedAlias0 from AdminEntity as generatedAlias0 where ( generatedAlias0.adminID=:param0 ) and ( generatedAlias0.adminPassword=:param1 )
2019-07-25 15:04:17 DEBUG QueryTranslatorFactoryInitiator:45 - QueryTranslatorFactory: org.hibernate.hql.internal.ast.ASTQueryTranslatorFactory@451fe3c2
2019-07-25 15:04:17 DEBUG QueryTranslatorImpl:288 - parse() - HQL: select generatedAlias0 from com.sears.employee.portal.entity.AdminEntity as generatedAlias0 where ( generatedAlias0.adminID=:param0 ) and ( generatedAlias0.adminPassword=:param1 )
2019-07-25 15:04:17 DEBUG ErrorTracker:97 - throwQueryException() : no errors
2019-07-25 15:04:17 DEBUG QueryTranslatorImpl:309 - --- HQL AST ---
 \-[QUERY] Node: 'query'
    +-[SELECT_FROM] Node: 'SELECT_FROM'
    |  +-[FROM] Node: 'from'
    |  |  \-[RANGE] Node: 'RANGE'
    |  |     +-[DOT] Node: '.'
    |  |     |  +-[DOT] Node: '.'
    |  |     |  |  +-[DOT] Node: '.'
    |  |     |  |  |  +-[DOT] Node: '.'
    |  |     |  |  |  |  +-[DOT] Node: '.'
    |  |     |  |  |  |  |  +-[IDENT] Node: 'com'
    |  |     |  |  |  |  |  \-[IDENT] Node: 'sears'
    |  |     |  |  |  |  \-[IDENT] Node: 'employee'
    |  |     |  |  |  \-[IDENT] Node: 'portal'
    |  |     |  |  \-[IDENT] Node: 'entity'
    |  |     |  \-[IDENT] Node: 'AdminEntity'
    |  |     \-[ALIAS] Node: 'generatedAlias0'
    |  \-[SELECT] Node: 'select'
    |     \-[IDENT] Node: 'generatedAlias0'
    \-[WHERE] Node: 'where'
       \-[AND] Node: 'and'
          +-[EQ] Node: '='
          |  +-[DOT] Node: '.'
          |  |  +-[IDENT] Node: 'generatedAlias0'
          |  |  \-[IDENT] Node: 'adminID'
          |  \-[COLON] Node: ':'
          |     \-[IDENT] Node: 'param0'
          \-[EQ] Node: '='
             +-[DOT] Node: '.'
             |  +-[IDENT] Node: 'generatedAlias0'
             |  \-[IDENT] Node: 'adminPassword'
             \-[COLON] Node: ':'
                \-[IDENT] Node: 'param1'

2019-07-25 15:04:17 DEBUG HqlSqlBaseWalker:124 - select << begin [level=1, statement=select]
2019-07-25 15:04:17 DEBUG FromElement:146 - FromClause{level=1} : com.sears.employee.portal.entity.AdminEntity (generatedAlias0) -> adminentit0_
2019-07-25 15:04:17 DEBUG FromReferenceNode:60 - Resolved : generatedAlias0 -> adminentit0_.admin_ID
2019-07-25 15:04:17 DEBUG FromReferenceNode:60 - Resolved : generatedAlias0 -> adminentit0_.admin_ID
2019-07-25 15:04:17 DEBUG DotNode:689 - getDataType() : adminID -> org.hibernate.type.StringType@7fb2a380
2019-07-25 15:04:17 DEBUG FromReferenceNode:60 - Resolved : generatedAlias0.adminID -> adminentit0_.admin_ID
2019-07-25 15:04:17 DEBUG FromReferenceNode:60 - Resolved : generatedAlias0 -> adminentit0_.admin_ID
2019-07-25 15:04:17 DEBUG DotNode:689 - getDataType() : adminPassword -> org.hibernate.type.StringType@7fb2a380
2019-07-25 15:04:17 DEBUG FromReferenceNode:60 - Resolved : generatedAlias0.adminPassword -> adminentit0_.admin_password
2019-07-25 15:04:17 DEBUG HqlSqlBaseWalker:128 - select : finishing up [level=1, statement=select]
2019-07-25 15:04:17 DEBUG HqlSqlWalker:752 - processQuery() :  ( SELECT ( {select clause} adminentit0_.admin_ID ) ( FromClause{level=1} adminDetails adminentit0_ ) ( where ( and ( = ( adminentit0_.admin_ID adminentit0_.admin_ID adminID ) ? ) ( = ( adminentit0_.admin_password adminentit0_.admin_ID adminPassword ) ? ) ) ) )
2019-07-25 15:04:17 DEBUG JoinProcessor:192 - Using FROM fragment [adminDetails adminentit0_]
2019-07-25 15:04:17 DEBUG HqlSqlBaseWalker:132 - select >> end [level=1, statement=select]
2019-07-25 15:04:17 DEBUG QueryTranslatorImpl:275 - --- SQL AST ---
 \-[SELECT] QueryNode: 'SELECT'  querySpaces (adminDetails)
    +-[SELECT_CLAUSE] SelectClause: '{select clause}'
    |  +-[ALIAS_REF] IdentNode: 'adminentit0_.admin_ID as admin_ID1_0_' {alias=generatedAlias0, className=com.sears.employee.portal.entity.AdminEntity, tableAlias=adminentit0_}
    |  \-[SQL_TOKEN] SqlFragment: 'adminentit0_.admin_password as admin_pa2_0_'
    +-[FROM] FromClause: 'from' FromClause{level=1, fromElementCounter=1, fromElements=1, fromElementByClassAlias=[generatedAlias0], fromElementByTableAlias=[adminentit0_], fromElementsByPath=[], collectionJoinFromElementsByPath=[], impliedElements=[]}
    |  \-[FROM_FRAGMENT] FromElement: 'adminDetails adminentit0_' FromElement{explicit,not a collection join,not a fetch join,fetch non-lazy properties,classAlias=generatedAlias0,role=null,tableName=adminDetails,tableAlias=adminentit0_,origin=null,columns={,className=com.sears.employee.portal.entity.AdminEntity}}
    \-[WHERE] SqlNode: 'where'
       \-[AND] SqlNode: 'and'
          +-[EQ] BinaryLogicOperatorNode: '='
          |  +-[DOT] DotNode: 'adminentit0_.admin_ID' {propertyName=adminID,dereferenceType=PRIMITIVE,getPropertyPath=adminID,path=generatedAlias0.adminID,tableAlias=adminentit0_,className=com.sears.employee.portal.entity.AdminEntity,classAlias=generatedAlias0}
          |  |  +-[ALIAS_REF] IdentNode: 'adminentit0_.admin_ID' {alias=generatedAlias0, className=com.sears.employee.portal.entity.AdminEntity, tableAlias=adminentit0_}
          |  |  \-[IDENT] IdentNode: 'adminID' {originalText=adminID}
          |  \-[NAMED_PARAM] ParameterNode: '?' {name=param0, expectedType=org.hibernate.type.StringType@7fb2a380}
          \-[EQ] BinaryLogicOperatorNode: '='
             +-[DOT] DotNode: 'adminentit0_.admin_password' {propertyName=adminPassword,dereferenceType=PRIMITIVE,getPropertyPath=adminPassword,path=generatedAlias0.adminPassword,tableAlias=adminentit0_,className=com.sears.employee.portal.entity.AdminEntity,classAlias=generatedAlias0}
             |  +-[ALIAS_REF] IdentNode: 'adminentit0_.admin_ID' {alias=generatedAlias0, className=com.sears.employee.portal.entity.AdminEntity, tableAlias=adminentit0_}
             |  \-[IDENT] IdentNode: 'adminPassword' {originalText=adminPassword}
             \-[NAMED_PARAM] ParameterNode: '?' {name=param1, expectedType=org.hibernate.type.StringType@7fb2a380}

2019-07-25 15:04:17 DEBUG ErrorTracker:97 - throwQueryException() : no errors
2019-07-25 15:04:17 DEBUG QueryTranslatorImpl:254 - HQL: select generatedAlias0 from com.sears.employee.portal.entity.AdminEntity as generatedAlias0 where ( generatedAlias0.adminID=:param0 ) and ( generatedAlias0.adminPassword=:param1 )
2019-07-25 15:04:17 DEBUG QueryTranslatorImpl:255 - SQL: select adminentit0_.admin_ID as admin_ID1_0_, adminentit0_.admin_password as admin_pa2_0_ from adminDetails adminentit0_ where adminentit0_.admin_ID=? and adminentit0_.admin_password=?
2019-07-25 15:04:17 DEBUG ErrorTracker:97 - throwQueryException() : no errors
2019-07-25 15:04:17 DEBUG SQL:94 - 
    select
        adminentit0_.admin_ID as admin_ID1_0_,
        adminentit0_.admin_password as admin_pa2_0_ 
    from
        adminDetails adminentit0_ 
    where
        adminentit0_.admin_ID=? 
        and adminentit0_.admin_password=?
2019-07-25 15:04:17 DEBUG Loader:384 - Result set row: 0
2019-07-25 15:04:17 DEBUG Loader:1536 - Result row: EntityKey[com.sears.employee.portal.entity.AdminEntity#Admin1]
2019-07-25 15:04:17 DEBUG TwoPhaseLoad:144 - Resolving attributes for [com.sears.employee.portal.entity.AdminEntity#Admin1]
2019-07-25 15:04:17 DEBUG TwoPhaseLoad:155 - Processing attribute `adminPassword` : value = Admin1234
2019-07-25 15:04:17 DEBUG TwoPhaseLoad:182 - Attribute (`adminPassword`)  - enhanced for lazy-loading? - false
2019-07-25 15:04:17 DEBUG TwoPhaseLoad:304 - Done materializing entity [com.sears.employee.portal.entity.AdminEntity#Admin1]
2019-07-25 15:04:17 DEBUG LogicalConnectionManagedImpl:161 - Initiating JDBC connection release from afterTransaction
2019-07-25 15:04:17 INFO  AdminDaoImpl:27 - Successfully Login
2019-07-25 15:04:25 INFO  AdminServicesImpl:17 - In to the Check User Function
2019-07-25 15:04:25 INFO  AdminDaoImpl:21 - In to the check user Dao Impl 
2019-07-25 15:04:25 DEBUG TransactionImpl:56 - On TransactionImpl creation, JpaCompliance#isJpaTransactionComplianceEnabled == false
2019-07-25 15:04:25 DEBUG CriteriaQueryImpl:299 - Rendered criteria query -> select generatedAlias0 from AdminEntity as generatedAlias0 where ( generatedAlias0.adminID=:param0 ) and ( generatedAlias0.adminPassword=:param1 )
2019-07-25 15:04:25 DEBUG SQL:94 - 
    select
        adminentit0_.admin_ID as admin_ID1_0_,
        adminentit0_.admin_password as admin_pa2_0_ 
    from
        adminDetails adminentit0_ 
    where
        adminentit0_.admin_ID=? 
        and adminentit0_.admin_password=?
2019-07-25 15:04:25 DEBUG LogicalConnectionManagedImpl:161 - Initiating JDBC connection release from afterTransaction
2019-07-25 15:04:25 WARN  AdminDaoImpl:24 - User Does not Exists
2019-07-25 15:04:31 DEBUG DriverManagerConnectionProviderImpl:249 - Connection pool now considered primed; min-size will be maintained
2019-07-25 15:04:35 INFO  AdminServicesImpl:17 - In to the Check User Function
2019-07-25 15:04:35 INFO  AdminDaoImpl:21 - In to the check user Dao Impl 
2019-07-25 15:04:35 DEBUG TransactionImpl:56 - On TransactionImpl creation, JpaCompliance#isJpaTransactionComplianceEnabled == false
2019-07-25 15:04:35 DEBUG CriteriaQueryImpl:299 - Rendered criteria query -> select generatedAlias0 from AdminEntity as generatedAlias0 where ( generatedAlias0.adminID=:param0 ) and ( generatedAlias0.adminPassword=:param1 )
2019-07-25 15:04:35 DEBUG SQL:94 - 
    select
        adminentit0_.admin_ID as admin_ID1_0_,
        adminentit0_.admin_password as admin_pa2_0_ 
    from
        adminDetails adminentit0_ 
    where
        adminentit0_.admin_ID=? 
        and adminentit0_.admin_password=?
2019-07-25 15:04:35 DEBUG Loader:384 - Result set row: 0
2019-07-25 15:04:35 DEBUG Loader:1536 - Result row: EntityKey[com.sears.employee.portal.entity.AdminEntity#Admin1]
2019-07-25 15:04:35 DEBUG TwoPhaseLoad:144 - Resolving attributes for [com.sears.employee.portal.entity.AdminEntity#Admin1]
2019-07-25 15:04:35 DEBUG TwoPhaseLoad:155 - Processing attribute `adminPassword` : value = Admin1234
2019-07-25 15:04:35 DEBUG TwoPhaseLoad:182 - Attribute (`adminPassword`)  - enhanced for lazy-loading? - false
2019-07-25 15:04:35 DEBUG TwoPhaseLoad:304 - Done materializing entity [com.sears.employee.portal.entity.AdminEntity#Admin1]
2019-07-25 15:04:35 DEBUG LogicalConnectionManagedImpl:161 - Initiating JDBC connection release from afterTransaction
2019-07-25 15:04:35 INFO  AdminDaoImpl:27 - Successfully Login
